c:\users\ljy\source\repos\4xmaker\4xmaker\debug\vc143.pdb
c:\users\ljy\source\repos\4xmaker\4xmaker\debug\vc143.idb
c:\users\ljy\source\repos\4xmaker\4xmaker\debug\scene.obj
c:\users\ljy\source\repos\4xmaker\4xmaker\debug\layer.obj
c:\users\ljy\source\repos\4xmaker\4xmaker\debug\ingamescene.obj
c:\users\ljy\source\repos\4xmaker\4xmaker\debug\cscenemanager.obj
c:\users\ljy\source\repos\4xmaker\4xmaker\debug\ref.obj
c:\users\ljy\source\repos\4xmaker\4xmaker\debug\staticobj.obj
c:\users\ljy\source\repos\4xmaker\4xmaker\debug\player.obj
c:\users\ljy\source\repos\4xmaker\4xmaker\debug\moveobj.obj
c:\users\ljy\source\repos\4xmaker\4xmaker\debug\minion.obj
c:\users\ljy\source\repos\4xmaker\4xmaker\debug\cobj.obj
c:\users\ljy\source\repos\4xmaker\4xmaker\debug\cbullet.obj
c:\users\ljy\source\repos\4xmaker\4xmaker\debug\main.obj
c:\users\ljy\source\repos\4xmaker\4xmaker\debug\ctimer.obj
c:\users\ljy\source\repos\4xmaker\4xmaker\debug\ccore.obj
c:\users\ljy\source\repos\4xmaker\4xmaker\debug\4xmaker.res
c:\users\ljy\source\repos\4xmaker\4xmaker\debug\strategymaker.ilk
c:\users\ljy\source\repos\4xmaker\debug\strategymaker.pdb
c:\users\ljy\source\repos\4xmaker\debug\strategymaker.exe
c:\users\ljy\source\repos\4xmaker\4xmaker\debug\strategymaker.tlog\cl.command.1.tlog
c:\users\ljy\source\repos\4xmaker\4xmaker\debug\strategymaker.tlog\cl.items.tlog
c:\users\ljy\source\repos\4xmaker\4xmaker\debug\strategymaker.tlog\cl.read.1.tlog
c:\users\ljy\source\repos\4xmaker\4xmaker\debug\strategymaker.tlog\cl.write.1.tlog
c:\users\ljy\source\repos\4xmaker\4xmaker\debug\strategymaker.tlog\link.command.1.tlog
c:\users\ljy\source\repos\4xmaker\4xmaker\debug\strategymaker.tlog\link.read.1.tlog
c:\users\ljy\source\repos\4xmaker\4xmaker\debug\strategymaker.tlog\link.write.1.tlog
c:\users\ljy\source\repos\4xmaker\4xmaker\debug\strategymaker.tlog\rc.command.1.tlog
c:\users\ljy\source\repos\4xmaker\4xmaker\debug\strategymaker.tlog\rc.read.1.tlog
c:\users\ljy\source\repos\4xmaker\4xmaker\debug\strategymaker.tlog\rc.write.1.tlog
